0 info it worked if it ends with ok
1 verbose cli [ 'C:\\Program Files\\nodejs\\node.exe',
1 verbose cli   'C:\\Program Files\\nodejs\\node_modules\\npm\\bin\\npm-cli.js',
1 verbose cli   'run-script',
1 verbose cli   'test' ]
2 info using npm@3.10.10
3 info using node@v6.10.3
4 verbose run-script [ 'pretest', 'test', 'posttest' ]
5 info lifecycle moment-daterange@3.0.0~pretest: moment-daterange@3.0.0
6 silly lifecycle moment-daterange@3.0.0~pretest: no script for pretest, continuing
7 info lifecycle moment-daterange@3.0.0~test: moment-daterange@3.0.0
8 verbose lifecycle moment-daterange@3.0.0~test: unsafe-perm in lifecycle true
9 verbose lifecycle moment-daterange@3.0.0~test: PATH: C:\Users\Adam\AppData\Roaming\nvm\v6.10.3\node_modules\npm\bin\node-gyp-bin;D:\Adam\Documents\Majik\moment-range\node_modules\.bin;C:\Users\Adam\bin;C:\Program Files (x86)\Git\mingw32\bin;C:\Program Files (x86)\Git\usr\local\bin;C:\Program Files (x86)\Git\usr\bin;C:\Program Files (x86)\Git\usr\bin;C:\Program Files (x86)\Git\mingw32\bin;C:\Program Files (x86)\Git\usr\bin;C:\Users\Adam\bin;C:\Python27;C:\Python27\Scripts;C:\Windows\system32;C:\Windows;C:\Windows\System32\Wbem;C:\Windows\System32\WindowsPowerShell\v1.0;C:\Program Files\Intel\WiFi\bin;C:\Program Files\Common Files\Intel\WirelessCommon;C:\WINDOWS\system32;C:\WINDOWS;C:\WINDOWS\System32\Wbem;C:\Program Files\MongoDB\Server\3.2\bin;C:\Users\Adam\AppData\Roaming\npm;C:\Program Files (x86)\Yarn\bin;C:\Program Files\Git\cmd;C:\Program Files (x86)\Git\cmd;C:\Program Files (x86)\NVIDIA Corporation\PhysX\Common;C:\Program Files\dotnet;C:\HaxeToolkit\haxe;C:\HaxeToolkit\neko;C:\Program Files (x86)\Windows Kits\10\Windows Performance Toolkit;C:\Program Files (x86)\GitExtensions;C:\WINDOWS\system32;C:\WINDOWS;C:\WINDOWS\System32\Wbem;C:\WINDOWS\System32\WindowsPowerShell\v1.0;C:\Users\Adam\AppData\Roaming\nvm;C:\Program Files\nodejs;C:\Users\Adam\AppData\Local\Microsoft\WindowsApps;C:\Program Files (x86)\Microsoft VS Code\bin;C:\Program Files\Docker Toolbox;C:\Users\Adam\AppData\Local\Yarn\.bin;C:\Users\Adam\AppData\Roaming\nvm;C:\Program Files\nodejs;C:\Users\Adam\AppData\Local\atom\bin;C:\Program Files (x86)\Git\usr\bin\vendor_perl;C:\Program Files (x86)\Git\usr\bin\core_perl;node_modules\.bin
10 verbose lifecycle moment-daterange@3.0.0~test: CWD: D:\Adam\Documents\Majik\moment-range
11 silly lifecycle moment-daterange@3.0.0~test: Args: [ '/d /s /c', 'grunt mochaTest' ]
12 silly lifecycle moment-daterange@3.0.0~test: Returned: code: 3  signal: null
13 info lifecycle moment-daterange@3.0.0~test: Failed to exec test script
14 verbose stack Error: moment-daterange@3.0.0 test: `grunt mochaTest`
14 verbose stack Exit status 3
14 verbose stack     at EventEmitter.<anonymous> (C:\Users\Adam\AppData\Roaming\nvm\v6.10.3\node_modules\npm\lib\utils\lifecycle.js:255:16)
14 verbose stack     at emitTwo (events.js:106:13)
14 verbose stack     at EventEmitter.emit (events.js:191:7)
14 verbose stack     at ChildProcess.<anonymous> (C:\Users\Adam\AppData\Roaming\nvm\v6.10.3\node_modules\npm\lib\utils\spawn.js:40:14)
14 verbose stack     at emitTwo (events.js:106:13)
14 verbose stack     at ChildProcess.emit (events.js:191:7)
14 verbose stack     at maybeClose (internal/child_process.js:886:16)
14 verbose stack     at Process.ChildProcess._handle.onexit (internal/child_process.js:226:5)
15 verbose pkgid moment-daterange@3.0.0
16 verbose cwd D:\Adam\Documents\Majik\moment-range
17 error Windows_NT 10.0.15063
18 error argv "C:\\Program Files\\nodejs\\node.exe" "C:\\Program Files\\nodejs\\node_modules\\npm\\bin\\npm-cli.js" "run-script" "test"
19 error node v6.10.3
20 error npm  v3.10.10
21 error code ELIFECYCLE
22 error moment-daterange@3.0.0 test: `grunt mochaTest`
22 error Exit status 3
23 error Failed at the moment-daterange@3.0.0 test script 'grunt mochaTest'.
23 error Make sure you have the latest version of node.js and npm installed.
23 error If you do, this is most likely a problem with the moment-daterange package,
23 error not with npm itself.
23 error Tell the author that this fails on your system:
23 error     grunt mochaTest
23 error You can get information on how to open an issue for this project with:
23 error     npm bugs moment-daterange
23 error Or if that isn't available, you can get their info via:
23 error     npm owner ls moment-daterange
23 error There is likely additional logging output above.
24 verbose exit [ 1, true ]
